<?xml version="1.0" encoding="UTF-8"?>
<testng-results skipped="0" failed="0" total="1" passed="1">
  <reporter-output>
    <line>
      <![CDATA[BengaluruBTR]]>
    </line>
  </reporter-output>
  <suite name="Suite" duration-ms="66" started-at="2017-05-04T08:22:43Z" finished-at="2017-05-04T08:22:43Z">
    <groups>
    </groups>
    <test name="Test" duration-ms="66" started-at="2017-05-04T08:22:43Z" finished-at="2017-05-04T08:22:43Z">
      <class name="qsp.Demo">
        <test-method status="PASS" signature="testA(java.lang.String, java.lang.String)[pri:0, instance:qsp.Demo@3930015a]" name="testA" duration-ms="13" started-at="2017-05-04T13:52:43Z" finished-at="2017-05-04T13:52:43Z">
          <params>
            <param index="0">
              <value>
                <![CDATA[Bengaluru]]>
              </value>
            </param>
            <param index="1">
              <value>
                <![CDATA[BTR]]>
              </value>
            </param>
          </params>
          <reporter-output>
            <line>
              <![CDATA[BengaluruBTR]]>
            </line>
          </reporter-output>
        </test-method> <!-- testA -->
      </class> <!-- qsp.Demo -->
    </test> <!-- Test -->
  </suite> <!-- Suite -->
</testng-results>
